INFO:root:参数 batch_size: 32
INFO:root:参数 lr: 0.01
INFO:root:参数 l2: 1e-05
INFO:root:参数 num_layers: 10
INFO:root:参数 model: Transformer
INFO:root:[Epoch 1/100] Train Loss: 2501323.9375 | Val Loss: 3046450.0000
INFO:root:[Epoch 2/100] Train Loss: 2458822.3984 | Val Loss: 2980267.7500
INFO:root:[Epoch 3/100] Train Loss: 2385273.8828 | Val Loss: 2875119.1250
INFO:root:[Epoch 4/100] Train Loss: 2275544.8750 | Val Loss: 2729431.0000
INFO:root:[Epoch 5/100] Train Loss: 2129007.5938 | Val Loss: 2540686.0000
INFO:root:[Epoch 6/100] Train Loss: 1949801.5469 | Val Loss: 2317697.5000
INFO:root:[Epoch 7/100] Train Loss: 1745614.8047 | Val Loss: 2071840.4375
INFO:root:[Epoch 8/100] Train Loss: 1527742.2969 | Val Loss: 1812013.2500
INFO:root:[Epoch 9/100] Train Loss: 1305500.9141 | Val Loss: 1554269.7500
INFO:root:[Epoch 10/100] Train Loss: 1094102.1602 | Val Loss: 1308144.8125
INFO:root:[Epoch 11/100] Train Loss: 901145.9648 | Val Loss: 1086125.6562
INFO:root:[Epoch 12/100] Train Loss: 738108.2734 | Val Loss: 893253.2188
INFO:root:[Epoch 13/100] Train Loss: 604325.3066 | Val Loss: 741206.9375
INFO:root:[Epoch 14/100] Train Loss: 506716.4727 | Val Loss: 623522.9062
INFO:root:[Epoch 15/100] Train Loss: 439683.8359 | Val Loss: 536770.0000
INFO:root:[Epoch 16/100] Train Loss: 396286.4453 | Val Loss: 476850.4531
INFO:root:[Epoch 17/100] Train Loss: 371482.0723 | Val Loss: 437496.8594
INFO:root:[Epoch 18/100] Train Loss: 357863.9023 | Val Loss: 413356.9219
INFO:root:[Epoch 19/100] Train Loss: 351458.9785 | Val Loss: 398443.5469
INFO:root:[Epoch 20/100] Train Loss: 348703.5039 | Val Loss: 389116.8125
INFO:root:[Epoch 21/100] Train Loss: 353364.0645 | Val Loss: 388885.5625
INFO:root:[Epoch 22/100] Train Loss: 349603.5254 | Val Loss: 380188.1094
INFO:root:[Epoch 23/100] Train Loss: 347241.6465 | Val Loss: 375611.8750
INFO:root:[Epoch 24/100] Train Loss: 347112.7988 | Val Loss: 371519.8281
INFO:root:[Epoch 25/100] Train Loss: 346878.6719 | Val Loss: 373384.8594
INFO:root:[Epoch 26/100] Train Loss: 347276.6289 | Val Loss: 375936.4531
INFO:root:[Epoch 27/100] Train Loss: 346923.4570 | Val Loss: 377072.1406
INFO:root:[Epoch 28/100] Train Loss: 347071.4766 | Val Loss: 373482.0625
INFO:root:[Epoch 29/100] Train Loss: 346650.2490 | Val Loss: 376949.6875
INFO:root:[Epoch 30/100] Train Loss: 347113.6309 | Val Loss: 375927.8906
INFO:root:[Epoch 31/100] Train Loss: 346913.9727 | Val Loss: 376794.8438
INFO:root:[Epoch 32/100] Train Loss: 346947.8711 | Val Loss: 375562.7969
INFO:root:[Epoch 33/100] Train Loss: 346780.5254 | Val Loss: 376803.5312
INFO:root:[Epoch 34/100] Train Loss: 346886.0039 | Val Loss: 378724.1719
INFO:root:[Epoch 35/100] Train Loss: 347035.2695 | Val Loss: 377113.3906
INFO:root:[Epoch 36/100] Train Loss: 346888.6660 | Val Loss: 375645.8750
INFO:root:[Epoch 37/100] Train Loss: 346940.3281 | Val Loss: 376196.8594
INFO:root:[Epoch 38/100] Train Loss: 347141.6270 | Val Loss: 379194.7031
INFO:root:[Epoch 39/100] Train Loss: 346819.6738 | Val Loss: 377817.6250
INFO:root:[Epoch 40/100] Train Loss: 346970.1289 | Val Loss: 376773.7344
INFO:root:[Epoch 41/100] Train Loss: 346948.2969 | Val Loss: 377294.7500
INFO:root:[Epoch 42/100] Train Loss: 346746.0840 | Val Loss: 375698.8906
INFO:root:[Epoch 43/100] Train Loss: 346824.5547 | Val Loss: 378145.2344
INFO:root:[Epoch 44/100] Train Loss: 346939.9121 | Val Loss: 375553.1719
INFO:root:[Epoch 45/100] Train Loss: 346953.6484 | Val Loss: 377648.1094
INFO:root:[Epoch 46/100] Train Loss: 346732.3438 | Val Loss: 375173.2812
INFO:root:[Epoch 47/100] Train Loss: 346849.0449 | Val Loss: 376508.7500
INFO:root:[Epoch 48/100] Train Loss: 347486.3027 | Val Loss: 376928.5469
INFO:root:[Epoch 49/100] Train Loss: 346805.8164 | Val Loss: 375266.7812
INFO:root:[Epoch 50/100] Train Loss: 347169.1211 | Val Loss: 373106.2188
INFO:root:[Epoch 51/100] Train Loss: 346886.7031 | Val Loss: 375926.0000
INFO:root:[Epoch 52/100] Train Loss: 346864.6836 | Val Loss: 377627.1562
INFO:root:[Epoch 53/100] Train Loss: 346890.8848 | Val Loss: 375341.7031
INFO:root:[Epoch 54/100] Train Loss: 346912.7207 | Val Loss: 377834.3750
INFO:root:[Epoch 55/100] Train Loss: 346870.8340 | Val Loss: 376508.3438
INFO:root:[Epoch 56/100] Train Loss: 347115.2070 | Val Loss: 376032.3906
INFO:root:[Epoch 57/100] Train Loss: 346891.0137 | Val Loss: 376971.2656
INFO:root:[Epoch 58/100] Train Loss: 346753.0234 | Val Loss: 376648.7969
INFO:root:[Epoch 59/100] Train Loss: 346938.1992 | Val Loss: 375598.2812
INFO:root:[Epoch 60/100] Train Loss: 346943.8496 | Val Loss: 375701.6562
INFO:root:[Epoch 61/100] Train Loss: 346776.8535 | Val Loss: 376743.3438
INFO:root:[Epoch 62/100] Train Loss: 347116.5371 | Val Loss: 379007.0312
INFO:root:[Epoch 63/100] Train Loss: 346898.3203 | Val Loss: 377531.7656
INFO:root:[Epoch 64/100] Train Loss: 346804.0215 | Val Loss: 375341.5781
INFO:root:[Epoch 65/100] Train Loss: 347016.8926 | Val Loss: 384059.9844
INFO:root:[Epoch 66/100] Train Loss: 348533.0527 | Val Loss: 374653.7500
INFO:root:[Epoch 67/100] Train Loss: 347291.1250 | Val Loss: 374303.3438
INFO:root:[Epoch 68/100] Train Loss: 346933.0273 | Val Loss: 375283.7344
INFO:root:[Epoch 69/100] Train Loss: 347247.1797 | Val Loss: 376874.4688
INFO:root:[Epoch 70/100] Train Loss: 347064.7754 | Val Loss: 376349.7500
INFO:root:[Epoch 71/100] Train Loss: 347005.1914 | Val Loss: 373938.9531
INFO:root:[Epoch 72/100] Train Loss: 346986.4219 | Val Loss: 375888.9062
INFO:root:[Epoch 73/100] Train Loss: 347065.0723 | Val Loss: 377147.5781
INFO:root:[Epoch 74/100] Train Loss: 346829.8965 | Val Loss: 376476.5469
INFO:root:[Epoch 75/100] Train Loss: 346732.8496 | Val Loss: 378049.3594
INFO:root:[Epoch 76/100] Train Loss: 347005.2676 | Val Loss: 375900.5156
INFO:root:[Epoch 77/100] Train Loss: 346867.8984 | Val Loss: 377074.0469
INFO:root:[Epoch 78/100] Train Loss: 346837.0215 | Val Loss: 376540.0781
INFO:root:[Epoch 79/100] Train Loss: 347059.5293 | Val Loss: 378204.6875
INFO:root:[Epoch 80/100] Train Loss: 347008.9863 | Val Loss: 375965.3750
INFO:root:[Epoch 81/100] Train Loss: 346986.8086 | Val Loss: 376830.6719
INFO:root:[Epoch 82/100] Train Loss: 347035.7090 | Val Loss: 374262.7969
INFO:root:[Epoch 83/100] Train Loss: 346755.7168 | Val Loss: 375540.1094
INFO:root:[Epoch 84/100] Train Loss: 347082.5039 | Val Loss: 378904.7344
INFO:root:[Epoch 85/100] Train Loss: 346982.8066 | Val Loss: 377081.5469
INFO:root:[Epoch 86/100] Train Loss: 347014.9043 | Val Loss: 376118.5000
INFO:root:[Epoch 87/100] Train Loss: 346878.3828 | Val Loss: 376150.1562
INFO:root:[Epoch 88/100] Train Loss: 347003.1113 | Val Loss: 375445.6562
INFO:root:[Epoch 89/100] Train Loss: 346835.2207 | Val Loss: 377788.9219
INFO:root:[Epoch 90/100] Train Loss: 346972.4727 | Val Loss: 377257.8750
INFO:root:[Epoch 91/100] Train Loss: 346964.9297 | Val Loss: 378387.9531
INFO:root:[Epoch 92/100] Train Loss: 347221.9336 | Val Loss: 373584.4219
INFO:root:[Epoch 93/100] Train Loss: 346882.9238 | Val Loss: 375445.0938
INFO:root:[Epoch 94/100] Train Loss: 347265.6777 | Val Loss: 379708.1562
INFO:root:[Epoch 95/100] Train Loss: 347097.3887 | Val Loss: 374845.2656
INFO:root:[Epoch 96/100] Train Loss: 346979.5625 | Val Loss: 376320.9375
INFO:root:[Epoch 97/100] Train Loss: 347018.6172 | Val Loss: 374489.7656
INFO:root:[Epoch 98/100] Train Loss: 347095.2188 | Val Loss: 378773.1406
INFO:root:[Epoch 99/100] Train Loss: 346832.0957 | Val Loss: 376716.4531
INFO:root:[Epoch 100/100] Train Loss: 346922.4570 | Val Loss: 374841.6875
INFO:root:Best model saved at epoch 24 with val loss = 371519.8281
INFO:root:MSE:264323.375,MAE:405.18707275390625
