INFO:root:参数 batch_size: 32
INFO:root:参数 lr: 0.1
INFO:root:参数 l2: 1e-05
INFO:root:参数 num_layers: 10
INFO:root:参数 model: LSTM
INFO:root:[Epoch 1/100] Train Loss: 2840555.6667 | Val Loss: 2776742.7500
INFO:root:[Epoch 2/100] Train Loss: 2771732.0833 | Val Loss: 2707780.5000
INFO:root:[Epoch 3/100] Train Loss: 2704358.0556 | Val Loss: 2639577.2500
INFO:root:[Epoch 4/100] Train Loss: 2633298.0000 | Val Loss: 2572679.5000
INFO:root:[Epoch 5/100] Train Loss: 2568163.1111 | Val Loss: 2507299.2500
INFO:root:[Epoch 6/100] Train Loss: 2501424.7222 | Val Loss: 2443422.7500
INFO:root:[Epoch 7/100] Train Loss: 2436070.8333 | Val Loss: 2381105.2500
INFO:root:[Epoch 8/100] Train Loss: 2374818.9167 | Val Loss: 2320270.5000
INFO:root:[Epoch 9/100] Train Loss: 2312666.1667 | Val Loss: 2260908.0000
INFO:root:[Epoch 10/100] Train Loss: 2254941.3889 | Val Loss: 2203006.5000
INFO:root:[Epoch 11/100] Train Loss: 2195793.4167 | Val Loss: 2146510.0000
INFO:root:[Epoch 12/100] Train Loss: 2140990.8611 | Val Loss: 2091481.2500
INFO:root:[Epoch 13/100] Train Loss: 2085524.0000 | Val Loss: 2037790.1250
INFO:root:[Epoch 14/100] Train Loss: 2029255.9861 | Val Loss: 1985414.6250
INFO:root:[Epoch 15/100] Train Loss: 1977987.9583 | Val Loss: 1934223.5000
INFO:root:[Epoch 16/100] Train Loss: 1924215.4722 | Val Loss: 1884319.3750
INFO:root:[Epoch 17/100] Train Loss: 1874420.3056 | Val Loss: 1835763.0000
INFO:root:[Epoch 18/100] Train Loss: 1825263.3333 | Val Loss: 1788496.2500
INFO:root:[Epoch 19/100] Train Loss: 1778771.7778 | Val Loss: 1742434.8750
INFO:root:[Epoch 20/100] Train Loss: 1731062.0417 | Val Loss: 1697568.8750
INFO:root:[Epoch 21/100] Train Loss: 1685998.1806 | Val Loss: 1654045.6250
INFO:root:[Epoch 22/100] Train Loss: 1641706.4583 | Val Loss: 1611519.0000
INFO:root:[Epoch 23/100] Train Loss: 1598494.1250 | Val Loss: 1570057.1250
INFO:root:[Epoch 24/100] Train Loss: 1556569.1111 | Val Loss: 1529758.2500
INFO:root:[Epoch 25/100] Train Loss: 1513727.8333 | Val Loss: 1490503.8750
INFO:root:[Epoch 26/100] Train Loss: 1475324.0556 | Val Loss: 1452539.2500
INFO:root:[Epoch 27/100] Train Loss: 1435181.7083 | Val Loss: 1415635.2500
INFO:root:[Epoch 28/100] Train Loss: 1398749.7500 | Val Loss: 1379736.5000
INFO:root:[Epoch 29/100] Train Loss: 1364089.1806 | Val Loss: 1344821.0000
INFO:root:[Epoch 30/100] Train Loss: 1327710.9306 | Val Loss: 1310847.8750
INFO:root:[Epoch 31/100] Train Loss: 1292749.8889 | Val Loss: 1277790.7500
INFO:root:[Epoch 32/100] Train Loss: 1258468.2222 | Val Loss: 1245770.5000
INFO:root:[Epoch 33/100] Train Loss: 1226687.2361 | Val Loss: 1214632.0000
INFO:root:[Epoch 34/100] Train Loss: 1194518.4583 | Val Loss: 1184463.3750
INFO:root:[Epoch 35/100] Train Loss: 1163654.7500 | Val Loss: 1155110.2500
INFO:root:[Epoch 36/100] Train Loss: 1133316.2639 | Val Loss: 1126619.2500
INFO:root:[Epoch 37/100] Train Loss: 1103900.6250 | Val Loss: 1099123.0000
INFO:root:[Epoch 38/100] Train Loss: 1075605.8889 | Val Loss: 1072506.0000
INFO:root:[Epoch 39/100] Train Loss: 1046280.4167 | Val Loss: 1046755.1250
INFO:root:[Epoch 40/100] Train Loss: 1021457.9444 | Val Loss: 1021910.3750
INFO:root:[Epoch 41/100] Train Loss: 993785.2292 | Val Loss: 997858.8125
INFO:root:[Epoch 42/100] Train Loss: 970823.7500 | Val Loss: 974582.9375
INFO:root:[Epoch 43/100] Train Loss: 947467.6389 | Val Loss: 952034.3125
INFO:root:[Epoch 44/100] Train Loss: 923022.4028 | Val Loss: 930108.5625
INFO:root:[Epoch 45/100] Train Loss: 901060.8333 | Val Loss: 908901.3125
INFO:root:[Epoch 46/100] Train Loss: 878040.6250 | Val Loss: 888395.5000
INFO:root:[Epoch 47/100] Train Loss: 856371.8194 | Val Loss: 868596.0000
INFO:root:[Epoch 48/100] Train Loss: 836000.5764 | Val Loss: 849581.1875
INFO:root:[Epoch 49/100] Train Loss: 816188.8056 | Val Loss: 831282.8125
INFO:root:[Epoch 50/100] Train Loss: 795630.0347 | Val Loss: 813515.2500
INFO:root:[Epoch 51/100] Train Loss: 776655.4236 | Val Loss: 796533.4375
INFO:root:[Epoch 52/100] Train Loss: 758562.3542 | Val Loss: 780218.0625
INFO:root:[Epoch 53/100] Train Loss: 741856.4653 | Val Loss: 764599.5625
INFO:root:[Epoch 54/100] Train Loss: 724930.0972 | Val Loss: 749470.1250
INFO:root:[Epoch 55/100] Train Loss: 708850.6528 | Val Loss: 734842.7500
INFO:root:[Epoch 56/100] Train Loss: 692601.7361 | Val Loss: 720773.5000
INFO:root:[Epoch 57/100] Train Loss: 678496.0139 | Val Loss: 707261.0000
INFO:root:[Epoch 58/100] Train Loss: 661586.7569 | Val Loss: 694256.6250
INFO:root:[Epoch 59/100] Train Loss: 648345.6111 | Val Loss: 681903.8125
INFO:root:[Epoch 60/100] Train Loss: 634351.4931 | Val Loss: 670068.1250
INFO:root:[Epoch 61/100] Train Loss: 622016.5069 | Val Loss: 658605.2500
INFO:root:[Epoch 62/100] Train Loss: 610446.8750 | Val Loss: 647659.5625
INFO:root:[Epoch 63/100] Train Loss: 598410.4236 | Val Loss: 636975.1250
INFO:root:[Epoch 64/100] Train Loss: 585242.9306 | Val Loss: 626735.1250
INFO:root:[Epoch 65/100] Train Loss: 573974.7083 | Val Loss: 617013.4375
INFO:root:[Epoch 66/100] Train Loss: 562437.3819 | Val Loss: 607816.9375
INFO:root:[Epoch 67/100] Train Loss: 553137.9792 | Val Loss: 599062.9375
INFO:root:[Epoch 68/100] Train Loss: 542169.2222 | Val Loss: 590641.8750
INFO:root:[Epoch 69/100] Train Loss: 531824.4618 | Val Loss: 582611.3750
INFO:root:[Epoch 70/100] Train Loss: 524015.4688 | Val Loss: 575010.6875
INFO:root:[Epoch 71/100] Train Loss: 515245.5174 | Val Loss: 567754.0625
INFO:root:[Epoch 72/100] Train Loss: 505383.3021 | Val Loss: 560771.5000
INFO:root:[Epoch 73/100] Train Loss: 497418.3125 | Val Loss: 554141.8125
INFO:root:[Epoch 74/100] Train Loss: 489513.7188 | Val Loss: 547849.7500
INFO:root:[Epoch 75/100] Train Loss: 482138.6458 | Val Loss: 541878.1250
INFO:root:[Epoch 76/100] Train Loss: 473839.8368 | Val Loss: 536125.8125
INFO:root:[Epoch 77/100] Train Loss: 469099.5139 | Val Loss: 530810.4375
INFO:root:[Epoch 78/100] Train Loss: 458816.5243 | Val Loss: 525554.7500
INFO:root:[Epoch 79/100] Train Loss: 453218.0382 | Val Loss: 520892.4062
INFO:root:[Epoch 80/100] Train Loss: 449304.6632 | Val Loss: 516501.6250
INFO:root:[Epoch 81/100] Train Loss: 444080.5729 | Val Loss: 512306.0938
INFO:root:[Epoch 82/100] Train Loss: 436670.1354 | Val Loss: 508297.4375
INFO:root:[Epoch 83/100] Train Loss: 431346.1424 | Val Loss: 504430.2812
INFO:root:[Epoch 84/100] Train Loss: 425925.0694 | Val Loss: 500849.6250
INFO:root:[Epoch 85/100] Train Loss: 421119.2396 | Val Loss: 497467.8125
INFO:root:[Epoch 86/100] Train Loss: 417390.4618 | Val Loss: 494266.7188
INFO:root:[Epoch 87/100] Train Loss: 412536.7049 | Val Loss: 491242.7812
INFO:root:[Epoch 88/100] Train Loss: 406992.5799 | Val Loss: 488582.0938
INFO:root:[Epoch 89/100] Train Loss: 404170.6632 | Val Loss: 486162.1562
INFO:root:[Epoch 90/100] Train Loss: 398575.4271 | Val Loss: 483745.6250
INFO:root:[Epoch 91/100] Train Loss: 396109.5243 | Val Loss: 481620.2812
INFO:root:[Epoch 92/100] Train Loss: 391679.1736 | Val Loss: 479696.0625
INFO:root:[Epoch 93/100] Train Loss: 391645.0868 | Val Loss: 477847.4375
INFO:root:[Epoch 94/100] Train Loss: 386344.6667 | Val Loss: 475898.9062
INFO:root:[Epoch 95/100] Train Loss: 381082.9271 | Val Loss: 474057.7188
INFO:root:[Epoch 96/100] Train Loss: 381449.9965 | Val Loss: 472413.3438
INFO:root:[Epoch 97/100] Train Loss: 376905.3472 | Val Loss: 470826.0938
INFO:root:[Epoch 98/100] Train Loss: 374592.1979 | Val Loss: 469732.2500
INFO:root:[Epoch 99/100] Train Loss: 369069.3333 | Val Loss: 468616.4062
INFO:root:[Epoch 100/100] Train Loss: 368713.5972 | Val Loss: 467818.1875
INFO:root:Best model saved at epoch 100 with val loss = 467818.1875
INFO:root:MSE:266777.21875,MAE:407.29156494140625
