INFO:root:参数 batch_size: 32
INFO:root:参数 lr: 0.001
INFO:root:参数 l2: 0.001
INFO:root:参数 num_layers: 10
INFO:root:参数 model: Logical
INFO:root:[Epoch 1/100] Train Loss: 2235425.5312 | Val Loss: 2485548.2500
INFO:root:[Epoch 2/100] Train Loss: 1782228.7656 | Val Loss: 1986523.6250
INFO:root:[Epoch 3/100] Train Loss: 1362659.0156 | Val Loss: 1521223.7500
INFO:root:[Epoch 4/100] Train Loss: 1004309.2617 | Val Loss: 1127895.5312
INFO:root:[Epoch 5/100] Train Loss: 726405.9863 | Val Loss: 829844.1875
INFO:root:[Epoch 6/100] Train Loss: 537185.4395 | Val Loss: 627301.8750
INFO:root:[Epoch 7/100] Train Loss: 427957.6914 | Val Loss: 502124.6875
INFO:root:[Epoch 8/100] Train Loss: 374946.1855 | Val Loss: 433790.3125
INFO:root:[Epoch 9/100] Train Loss: 355090.1270 | Val Loss: 400984.4531
INFO:root:[Epoch 10/100] Train Loss: 348871.1758 | Val Loss: 385665.2188
INFO:root:[Epoch 11/100] Train Loss: 347236.6641 | Val Loss: 380417.5625
INFO:root:[Epoch 12/100] Train Loss: 347385.0391 | Val Loss: 376565.5156
INFO:root:[Epoch 13/100] Train Loss: 347074.5879 | Val Loss: 380585.2188
INFO:root:[Epoch 14/100] Train Loss: 346999.3535 | Val Loss: 377796.6719
INFO:root:[Epoch 15/100] Train Loss: 346991.7324 | Val Loss: 374654.0625
INFO:root:[Epoch 16/100] Train Loss: 346746.9980 | Val Loss: 377114.8438
INFO:root:[Epoch 17/100] Train Loss: 346962.0996 | Val Loss: 377585.0938
INFO:root:[Epoch 18/100] Train Loss: 346900.8340 | Val Loss: 378359.4688
INFO:root:[Epoch 19/100] Train Loss: 346913.1152 | Val Loss: 376841.8438
INFO:root:[Epoch 20/100] Train Loss: 347074.8105 | Val Loss: 377629.3594
INFO:root:[Epoch 21/100] Train Loss: 347121.9277 | Val Loss: 377844.5938
INFO:root:[Epoch 22/100] Train Loss: 346965.1992 | Val Loss: 376079.4375
INFO:root:[Epoch 23/100] Train Loss: 346944.7578 | Val Loss: 378254.2188
INFO:root:[Epoch 24/100] Train Loss: 346873.4648 | Val Loss: 376963.1719
INFO:root:[Epoch 25/100] Train Loss: 347415.8945 | Val Loss: 378432.5781
INFO:root:[Epoch 26/100] Train Loss: 347026.3066 | Val Loss: 373390.5156
INFO:root:[Epoch 27/100] Train Loss: 346718.4258 | Val Loss: 375033.8906
INFO:root:[Epoch 28/100] Train Loss: 346695.4551 | Val Loss: 378069.3281
INFO:root:[Epoch 29/100] Train Loss: 346315.1055 | Val Loss: 375923.9844
INFO:root:[Epoch 30/100] Train Loss: 346313.0996 | Val Loss: 379411.2812
INFO:root:[Epoch 31/100] Train Loss: 346175.7754 | Val Loss: 379254.7969
INFO:root:[Epoch 32/100] Train Loss: 346017.6914 | Val Loss: 387274.9531
INFO:root:[Epoch 33/100] Train Loss: 345187.2344 | Val Loss: 418168.1562
INFO:root:[Epoch 34/100] Train Loss: 347581.3184 | Val Loss: 387955.6562
INFO:root:[Epoch 35/100] Train Loss: 345268.9004 | Val Loss: 381483.4688
INFO:root:[Epoch 36/100] Train Loss: 345621.6270 | Val Loss: 380096.4531
INFO:root:[Epoch 37/100] Train Loss: 342950.7812 | Val Loss: 393300.6250
INFO:root:[Epoch 38/100] Train Loss: 342114.5938 | Val Loss: 414389.0000
INFO:root:[Epoch 39/100] Train Loss: 343528.6914 | Val Loss: 377167.5469
INFO:root:[Epoch 40/100] Train Loss: 343279.2324 | Val Loss: 378511.9688
INFO:root:[Epoch 41/100] Train Loss: 345185.7676 | Val Loss: 388263.8125
INFO:root:[Epoch 42/100] Train Loss: 342207.8418 | Val Loss: 404263.7344
INFO:root:[Epoch 43/100] Train Loss: 340690.8496 | Val Loss: 420566.2812
INFO:root:[Epoch 44/100] Train Loss: 340574.6113 | Val Loss: 386435.8281
INFO:root:[Epoch 45/100] Train Loss: 339333.0273 | Val Loss: 368959.1250
INFO:root:[Epoch 46/100] Train Loss: 336736.7227 | Val Loss: 413701.8594
INFO:root:[Epoch 47/100] Train Loss: 334536.1953 | Val Loss: 374604.8906
INFO:root:[Epoch 48/100] Train Loss: 335897.5488 | Val Loss: 371030.1875
INFO:root:[Epoch 49/100] Train Loss: 335482.2324 | Val Loss: 400222.7188
INFO:root:[Epoch 50/100] Train Loss: 333185.4766 | Val Loss: 357207.1406
INFO:root:[Epoch 51/100] Train Loss: 334333.6582 | Val Loss: 377923.3906
INFO:root:[Epoch 52/100] Train Loss: 332040.0371 | Val Loss: 374716.1875
INFO:root:[Epoch 53/100] Train Loss: 332802.8301 | Val Loss: 369529.4219
INFO:root:[Epoch 54/100] Train Loss: 331937.5000 | Val Loss: 366448.1562
INFO:root:[Epoch 55/100] Train Loss: 330302.2070 | Val Loss: 359564.3438
INFO:root:[Epoch 56/100] Train Loss: 331636.9434 | Val Loss: 362535.0781
INFO:root:[Epoch 57/100] Train Loss: 329748.4512 | Val Loss: 354708.5000
INFO:root:[Epoch 58/100] Train Loss: 329567.9258 | Val Loss: 367453.0000
INFO:root:[Epoch 59/100] Train Loss: 330434.7500 | Val Loss: 344177.2031
INFO:root:[Epoch 60/100] Train Loss: 330996.3770 | Val Loss: 340434.7188
INFO:root:[Epoch 61/100] Train Loss: 329554.5996 | Val Loss: 358286.8594
INFO:root:[Epoch 62/100] Train Loss: 326034.1484 | Val Loss: 336009.3594
INFO:root:[Epoch 63/100] Train Loss: 326767.7363 | Val Loss: 395634.6406
INFO:root:[Epoch 64/100] Train Loss: 324748.9023 | Val Loss: 381801.5000
INFO:root:[Epoch 65/100] Train Loss: 320099.2520 | Val Loss: 436043.0938
INFO:root:[Epoch 66/100] Train Loss: 313974.3945 | Val Loss: 314571.0469
INFO:root:[Epoch 67/100] Train Loss: 313493.7373 | Val Loss: 306816.9219
INFO:root:[Epoch 68/100] Train Loss: 309773.1758 | Val Loss: 298784.8125
INFO:root:[Epoch 69/100] Train Loss: 308346.9121 | Val Loss: 292619.6875
INFO:root:[Epoch 70/100] Train Loss: 305935.3867 | Val Loss: 293556.3906
INFO:root:[Epoch 71/100] Train Loss: 306191.3047 | Val Loss: 287043.7031
INFO:root:[Epoch 72/100] Train Loss: 303995.5166 | Val Loss: 278436.6719
INFO:root:[Epoch 73/100] Train Loss: 303170.8574 | Val Loss: 279298.7031
INFO:root:[Epoch 74/100] Train Loss: 301280.7656 | Val Loss: 278859.0000
INFO:root:[Epoch 75/100] Train Loss: 300953.2256 | Val Loss: 291925.4062
INFO:root:[Epoch 76/100] Train Loss: 303780.7695 | Val Loss: 281455.1797
INFO:root:[Epoch 77/100] Train Loss: 302149.7100 | Val Loss: 300538.3750
INFO:root:[Epoch 78/100] Train Loss: 303716.4639 | Val Loss: 275678.4219
INFO:root:[Epoch 79/100] Train Loss: 307137.2393 | Val Loss: 293103.3750
INFO:root:[Epoch 80/100] Train Loss: 298286.1270 | Val Loss: 288531.0469
INFO:root:[Epoch 81/100] Train Loss: 293603.7871 | Val Loss: 274073.9922
INFO:root:[Epoch 82/100] Train Loss: 295258.0840 | Val Loss: 278441.6797
INFO:root:[Epoch 83/100] Train Loss: 293279.7910 | Val Loss: 267985.4609
INFO:root:[Epoch 84/100] Train Loss: 297040.5918 | Val Loss: 299932.9219
INFO:root:[Epoch 85/100] Train Loss: 289879.1260 | Val Loss: 288398.7500
INFO:root:[Epoch 86/100] Train Loss: 289710.6699 | Val Loss: 296365.2031
INFO:root:[Epoch 87/100] Train Loss: 287942.3242 | Val Loss: 285647.5312
INFO:root:[Epoch 88/100] Train Loss: 293372.1514 | Val Loss: 282922.6875
INFO:root:[Epoch 89/100] Train Loss: 289352.9756 | Val Loss: 305408.2344
INFO:root:[Epoch 90/100] Train Loss: 288336.5430 | Val Loss: 332269.3906
INFO:root:[Epoch 91/100] Train Loss: 285197.7637 | Val Loss: 322620.7812
INFO:root:[Epoch 92/100] Train Loss: 283544.7998 | Val Loss: 308378.8125
INFO:root:[Epoch 93/100] Train Loss: 285593.7812 | Val Loss: 310870.1875
INFO:root:[Epoch 94/100] Train Loss: 283938.0400 | Val Loss: 313528.8125
INFO:root:[Epoch 95/100] Train Loss: 278520.8105 | Val Loss: 327466.0312
INFO:root:[Epoch 96/100] Train Loss: 278089.1016 | Val Loss: 359199.5469
INFO:root:[Epoch 97/100] Train Loss: 281802.6602 | Val Loss: 321326.5938
INFO:root:[Epoch 98/100] Train Loss: 286217.4082 | Val Loss: 360236.2812
INFO:root:[Epoch 99/100] Train Loss: 298145.0986 | Val Loss: 314953.0625
INFO:root:[Epoch 100/100] Train Loss: 278542.6387 | Val Loss: 295784.7656
INFO:root:Best model saved at epoch 83 with val loss = 267985.4609
INFO:root:MSE:230037.953125,MAE:373.2348937988281
