INFO:root:参数 batch_size: 32
INFO:root:参数 lr: 0.01
INFO:root:参数 l2: 0
INFO:root:参数 num_layers: 10
INFO:root:参数 model: Logical
INFO:root:[Epoch 1/100] Train Loss: 1874715.5556 | Val Loss: 793281.7500
INFO:root:[Epoch 2/100] Train Loss: 474275.2292 | Val Loss: 527648.8750
INFO:root:[Epoch 3/100] Train Loss: 403745.2153 | Val Loss: 554313.5000
INFO:root:[Epoch 4/100] Train Loss: 342925.2604 | Val Loss: 536792.6250
INFO:root:[Epoch 5/100] Train Loss: 329425.4653 | Val Loss: 495569.5625
INFO:root:[Epoch 6/100] Train Loss: 327279.8299 | Val Loss: 484984.5000
INFO:root:[Epoch 7/100] Train Loss: 331026.4410 | Val Loss: 497549.4688
INFO:root:[Epoch 8/100] Train Loss: 330314.2847 | Val Loss: 495009.4688
INFO:root:[Epoch 9/100] Train Loss: 332259.7465 | Val Loss: 493873.9375
INFO:root:[Epoch 10/100] Train Loss: 331344.4340 | Val Loss: 485011.9688
INFO:root:[Epoch 11/100] Train Loss: 330779.5382 | Val Loss: 479792.5625
INFO:root:[Epoch 12/100] Train Loss: 325422.8507 | Val Loss: 506215.2812
INFO:root:[Epoch 13/100] Train Loss: 329689.7778 | Val Loss: 506033.5625
INFO:root:[Epoch 14/100] Train Loss: 326659.6076 | Val Loss: 489435.4688
INFO:root:[Epoch 15/100] Train Loss: 332088.6389 | Val Loss: 490437.2812
INFO:root:[Epoch 16/100] Train Loss: 332384.7326 | Val Loss: 494759.5625
INFO:root:[Epoch 17/100] Train Loss: 329800.3854 | Val Loss: 495993.3750
INFO:root:[Epoch 18/100] Train Loss: 328450.0278 | Val Loss: 498475.1562
INFO:root:[Epoch 19/100] Train Loss: 327780.5799 | Val Loss: 485332.2812
INFO:root:[Epoch 20/100] Train Loss: 330309.0382 | Val Loss: 506501.6875
INFO:root:[Epoch 21/100] Train Loss: 332455.9583 | Val Loss: 515738.7500
INFO:root:[Epoch 22/100] Train Loss: 326877.9167 | Val Loss: 486323.0938
INFO:root:[Epoch 23/100] Train Loss: 329800.6736 | Val Loss: 503122.0000
INFO:root:[Epoch 24/100] Train Loss: 333914.8785 | Val Loss: 494465.5625
INFO:root:[Epoch 25/100] Train Loss: 328756.7292 | Val Loss: 487941.9062
INFO:root:[Epoch 26/100] Train Loss: 331356.4410 | Val Loss: 496591.7188
INFO:root:[Epoch 27/100] Train Loss: 330251.9306 | Val Loss: 494169.3438
INFO:root:[Epoch 28/100] Train Loss: 331589.3681 | Val Loss: 499716.5312
INFO:root:[Epoch 29/100] Train Loss: 329082.9757 | Val Loss: 502680.6250
INFO:root:[Epoch 30/100] Train Loss: 331066.4375 | Val Loss: 509897.5000
INFO:root:[Epoch 31/100] Train Loss: 328292.9132 | Val Loss: 482279.8750
INFO:root:[Epoch 32/100] Train Loss: 329315.7014 | Val Loss: 495830.8750
INFO:root:[Epoch 33/100] Train Loss: 325128.4688 | Val Loss: 513517.7188
INFO:root:[Epoch 34/100] Train Loss: 329267.2639 | Val Loss: 508076.2812
INFO:root:[Epoch 35/100] Train Loss: 329723.2604 | Val Loss: 507094.3750
INFO:root:[Epoch 36/100] Train Loss: 332642.2500 | Val Loss: 487402.2812
INFO:root:[Epoch 37/100] Train Loss: 330627.7431 | Val Loss: 492631.0312
INFO:root:[Epoch 38/100] Train Loss: 327600.7604 | Val Loss: 494883.4375
INFO:root:[Epoch 39/100] Train Loss: 326655.0799 | Val Loss: 512382.4688
INFO:root:[Epoch 40/100] Train Loss: 331270.5104 | Val Loss: 512503.5312
INFO:root:[Epoch 41/100] Train Loss: 331281.8472 | Val Loss: 480095.1250
INFO:root:[Epoch 42/100] Train Loss: 331006.8194 | Val Loss: 501521.3438
INFO:root:[Epoch 43/100] Train Loss: 329344.7812 | Val Loss: 497528.5625
INFO:root:[Epoch 44/100] Train Loss: 330445.8611 | Val Loss: 494134.5938
INFO:root:[Epoch 45/100] Train Loss: 329033.9028 | Val Loss: 498516.3750
INFO:root:[Epoch 46/100] Train Loss: 331639.1528 | Val Loss: 492392.9375
INFO:root:[Epoch 47/100] Train Loss: 329976.3924 | Val Loss: 492304.5312
INFO:root:[Epoch 48/100] Train Loss: 334027.9792 | Val Loss: 522313.6250
INFO:root:[Epoch 49/100] Train Loss: 330787.5660 | Val Loss: 477933.0625
INFO:root:[Epoch 50/100] Train Loss: 329571.8125 | Val Loss: 510987.5938
INFO:root:[Epoch 51/100] Train Loss: 330328.5347 | Val Loss: 498953.4062
INFO:root:[Epoch 52/100] Train Loss: 330705.3438 | Val Loss: 477582.0938
INFO:root:[Epoch 53/100] Train Loss: 333112.9306 | Val Loss: 495875.9062
INFO:root:[Epoch 54/100] Train Loss: 329342.6736 | Val Loss: 484788.0938
INFO:root:[Epoch 55/100] Train Loss: 329646.2014 | Val Loss: 513914.3125
INFO:root:[Epoch 56/100] Train Loss: 329461.9444 | Val Loss: 502086.3438
INFO:root:[Epoch 57/100] Train Loss: 333236.6007 | Val Loss: 502143.1875
INFO:root:[Epoch 58/100] Train Loss: 333876.5833 | Val Loss: 481293.6250
INFO:root:[Epoch 59/100] Train Loss: 327161.5764 | Val Loss: 502713.8750
INFO:root:[Epoch 60/100] Train Loss: 326927.1979 | Val Loss: 520094.7188
INFO:root:[Epoch 61/100] Train Loss: 330967.0938 | Val Loss: 487320.7188
INFO:root:[Epoch 62/100] Train Loss: 330930.5069 | Val Loss: 484618.4375
INFO:root:[Epoch 63/100] Train Loss: 332759.6354 | Val Loss: 509093.9062
INFO:root:[Epoch 64/100] Train Loss: 333992.1458 | Val Loss: 477437.1250
INFO:root:[Epoch 65/100] Train Loss: 330698.1597 | Val Loss: 483522.2188
INFO:root:[Epoch 66/100] Train Loss: 331781.9306 | Val Loss: 519796.3750
INFO:root:[Epoch 67/100] Train Loss: 334376.6007 | Val Loss: 504173.3438
INFO:root:[Epoch 68/100] Train Loss: 331153.2743 | Val Loss: 481730.3125
INFO:root:[Epoch 69/100] Train Loss: 328775.6007 | Val Loss: 508761.4688
INFO:root:[Epoch 70/100] Train Loss: 331120.5833 | Val Loss: 503056.7500
INFO:root:[Epoch 71/100] Train Loss: 326109.3472 | Val Loss: 492454.0312
INFO:root:[Epoch 72/100] Train Loss: 329927.4618 | Val Loss: 516549.4375
INFO:root:[Epoch 73/100] Train Loss: 329607.4201 | Val Loss: 488885.9375
INFO:root:[Epoch 74/100] Train Loss: 333004.1042 | Val Loss: 491992.3750
INFO:root:[Epoch 75/100] Train Loss: 331999.8194 | Val Loss: 490359.1562
INFO:root:[Epoch 76/100] Train Loss: 333126.0069 | Val Loss: 517855.5625
INFO:root:[Epoch 77/100] Train Loss: 334208.0521 | Val Loss: 480302.1875
INFO:root:[Epoch 78/100] Train Loss: 331179.8021 | Val Loss: 478004.8438
INFO:root:[Epoch 79/100] Train Loss: 331146.8681 | Val Loss: 497895.4062
INFO:root:[Epoch 80/100] Train Loss: 328926.8646 | Val Loss: 497768.8750
INFO:root:[Epoch 81/100] Train Loss: 332487.0208 | Val Loss: 486161.2500
INFO:root:[Epoch 82/100] Train Loss: 333495.2917 | Val Loss: 484033.7188
INFO:root:[Epoch 83/100] Train Loss: 327877.4410 | Val Loss: 515715.0000
INFO:root:[Epoch 84/100] Train Loss: 331609.5903 | Val Loss: 505914.8125
INFO:root:[Epoch 85/100] Train Loss: 328328.9896 | Val Loss: 478329.2500
INFO:root:[Epoch 86/100] Train Loss: 329341.3264 | Val Loss: 500013.9688
INFO:root:[Epoch 87/100] Train Loss: 333481.0069 | Val Loss: 511287.8438
INFO:root:[Epoch 88/100] Train Loss: 331259.6389 | Val Loss: 481055.8438
INFO:root:[Epoch 89/100] Train Loss: 333022.6215 | Val Loss: 497046.5938
INFO:root:[Epoch 90/100] Train Loss: 328811.4236 | Val Loss: 506123.5938
INFO:root:[Epoch 91/100] Train Loss: 329642.3299 | Val Loss: 494224.0938
INFO:root:[Epoch 92/100] Train Loss: 332642.3576 | Val Loss: 494239.7812
INFO:root:[Epoch 93/100] Train Loss: 328008.8715 | Val Loss: 500964.5000
INFO:root:[Epoch 94/100] Train Loss: 332367.5729 | Val Loss: 511628.4688
INFO:root:[Epoch 95/100] Train Loss: 331190.0104 | Val Loss: 486801.4375
INFO:root:[Epoch 96/100] Train Loss: 329137.1771 | Val Loss: 511536.7188
INFO:root:[Epoch 97/100] Train Loss: 326013.1354 | Val Loss: 508859.5938
INFO:root:[Epoch 98/100] Train Loss: 331685.3715 | Val Loss: 493027.5938
INFO:root:[Epoch 99/100] Train Loss: 331698.5694 | Val Loss: 474753.2812
INFO:root:[Epoch 100/100] Train Loss: 328612.5417 | Val Loss: 516051.8750
INFO:root:Best model saved at epoch 99 with val loss = 474753.2812
INFO:root:MSE:243711.90625,MAE:389.0631408691406
