INFO:root:参数 batch_size: 32
INFO:root:参数 lr: 0.1
INFO:root:参数 l2: 1e-05
INFO:root:参数 num_layers: 10
INFO:root:参数 model: LSTM
INFO:root:[Epoch 1/100] Train Loss: 2441209.9844 | Val Loss: 2906472.7500
INFO:root:[Epoch 2/100] Train Loss: 2284389.0391 | Val Loss: 2730633.0000
INFO:root:[Epoch 3/100] Train Loss: 2131677.6406 | Val Loss: 2563870.0000
INFO:root:[Epoch 4/100] Train Loss: 1990332.0234 | Val Loss: 2406714.1250
INFO:root:[Epoch 5/100] Train Loss: 1857041.4062 | Val Loss: 2258273.2500
INFO:root:[Epoch 6/100] Train Loss: 1731780.5234 | Val Loss: 2119333.9375
INFO:root:[Epoch 7/100] Train Loss: 1616325.7656 | Val Loss: 1988200.4375
INFO:root:[Epoch 8/100] Train Loss: 1506899.7031 | Val Loss: 1865021.1875
INFO:root:[Epoch 9/100] Train Loss: 1405047.9141 | Val Loss: 1750527.0625
INFO:root:[Epoch 10/100] Train Loss: 1311139.1992 | Val Loss: 1643083.9375
INFO:root:[Epoch 11/100] Train Loss: 1223693.7930 | Val Loss: 1542102.6875
INFO:root:[Epoch 12/100] Train Loss: 1142062.9727 | Val Loss: 1448374.0625
INFO:root:[Epoch 13/100] Train Loss: 1066985.2422 | Val Loss: 1361037.1875
INFO:root:[Epoch 14/100] Train Loss: 998145.5898 | Val Loss: 1279395.0000
INFO:root:[Epoch 15/100] Train Loss: 933895.5352 | Val Loss: 1203451.5938
INFO:root:[Epoch 16/100] Train Loss: 875213.6914 | Val Loss: 1133237.6562
INFO:root:[Epoch 17/100] Train Loss: 821267.5078 | Val Loss: 1068154.8438
INFO:root:[Epoch 18/100] Train Loss: 772100.0625 | Val Loss: 1007584.0000
INFO:root:[Epoch 19/100] Train Loss: 726830.1992 | Val Loss: 952745.0000
INFO:root:[Epoch 20/100] Train Loss: 686049.2539 | Val Loss: 901338.2500
INFO:root:[Epoch 21/100] Train Loss: 648527.1836 | Val Loss: 853433.9062
INFO:root:[Epoch 22/100] Train Loss: 614341.0723 | Val Loss: 810030.3438
INFO:root:[Epoch 23/100] Train Loss: 583862.5039 | Val Loss: 770257.0312
INFO:root:[Epoch 24/100] Train Loss: 556406.1328 | Val Loss: 733335.4062
INFO:root:[Epoch 25/100] Train Loss: 531500.5996 | Val Loss: 700309.5000
INFO:root:[Epoch 26/100] Train Loss: 509220.0352 | Val Loss: 670021.6562
INFO:root:[Epoch 27/100] Train Loss: 489144.5605 | Val Loss: 641655.5938
INFO:root:[Epoch 28/100] Train Loss: 471214.3223 | Val Loss: 616533.6406
INFO:root:[Epoch 29/100] Train Loss: 455592.0840 | Val Loss: 593054.3438
INFO:root:[Epoch 30/100] Train Loss: 441175.4531 | Val Loss: 571481.7344
INFO:root:[Epoch 31/100] Train Loss: 428731.9531 | Val Loss: 552650.0312
INFO:root:[Epoch 32/100] Train Loss: 417809.3203 | Val Loss: 535678.2812
INFO:root:[Epoch 33/100] Train Loss: 408112.0801 | Val Loss: 519763.3906
INFO:root:[Epoch 34/100] Train Loss: 399463.5586 | Val Loss: 505419.3594
INFO:root:[Epoch 35/100] Train Loss: 391962.7617 | Val Loss: 492731.1094
INFO:root:[Epoch 36/100] Train Loss: 385559.3027 | Val Loss: 481166.0781
INFO:root:[Epoch 37/100] Train Loss: 379961.4922 | Val Loss: 470145.7812
INFO:root:[Epoch 38/100] Train Loss: 374902.4336 | Val Loss: 461266.2344
INFO:root:[Epoch 39/100] Train Loss: 370675.0996 | Val Loss: 452220.2656
INFO:root:[Epoch 40/100] Train Loss: 366889.2207 | Val Loss: 444544.6562
INFO:root:[Epoch 41/100] Train Loss: 363803.9492 | Val Loss: 437860.0469
INFO:root:[Epoch 42/100] Train Loss: 361197.5156 | Val Loss: 431529.5156
INFO:root:[Epoch 43/100] Train Loss: 358787.3008 | Val Loss: 426161.2188
INFO:root:[Epoch 44/100] Train Loss: 356848.8477 | Val Loss: 420929.4219
INFO:root:[Epoch 45/100] Train Loss: 355138.6348 | Val Loss: 416186.3125
INFO:root:[Epoch 46/100] Train Loss: 353729.2734 | Val Loss: 412325.3750
INFO:root:[Epoch 47/100] Train Loss: 352557.8457 | Val Loss: 408721.6719
INFO:root:[Epoch 48/100] Train Loss: 351441.9961 | Val Loss: 405332.9375
INFO:root:[Epoch 49/100] Train Loss: 350802.9043 | Val Loss: 402618.0625
INFO:root:[Epoch 50/100] Train Loss: 350023.9883 | Val Loss: 399781.8906
INFO:root:[Epoch 51/100] Train Loss: 349537.4512 | Val Loss: 397759.7188
INFO:root:[Epoch 52/100] Train Loss: 349007.3789 | Val Loss: 395097.4531
INFO:root:[Epoch 53/100] Train Loss: 348581.0527 | Val Loss: 393264.0312
INFO:root:[Epoch 54/100] Train Loss: 348302.8867 | Val Loss: 391655.9844
INFO:root:[Epoch 55/100] Train Loss: 347949.6309 | Val Loss: 390119.6562
INFO:root:[Epoch 56/100] Train Loss: 347703.5391 | Val Loss: 388762.5938
INFO:root:[Epoch 57/100] Train Loss: 347552.6289 | Val Loss: 387531.3438
INFO:root:[Epoch 58/100] Train Loss: 347323.7383 | Val Loss: 386688.6094
INFO:root:[Epoch 59/100] Train Loss: 347255.1270 | Val Loss: 385599.5312
INFO:root:[Epoch 60/100] Train Loss: 347474.5527 | Val Loss: 384622.0156
INFO:root:[Epoch 61/100] Train Loss: 347023.2363 | Val Loss: 383669.6562
INFO:root:[Epoch 62/100] Train Loss: 346989.5137 | Val Loss: 382731.6250
INFO:root:[Epoch 63/100] Train Loss: 346979.7461 | Val Loss: 382567.0938
INFO:root:[Epoch 64/100] Train Loss: 346922.1328 | Val Loss: 382065.4844
INFO:root:[Epoch 65/100] Train Loss: 346920.1426 | Val Loss: 381677.4062
INFO:root:[Epoch 66/100] Train Loss: 346849.5840 | Val Loss: 381317.1250
INFO:root:[Epoch 67/100] Train Loss: 346837.2617 | Val Loss: 380753.1875
INFO:root:[Epoch 68/100] Train Loss: 346999.5391 | Val Loss: 380377.8750
INFO:root:[Epoch 69/100] Train Loss: 346843.5605 | Val Loss: 379782.0781
INFO:root:[Epoch 70/100] Train Loss: 346820.6523 | Val Loss: 379666.6719
INFO:root:[Epoch 71/100] Train Loss: 346816.0566 | Val Loss: 378841.9844
INFO:root:[Epoch 72/100] Train Loss: 346713.4434 | Val Loss: 378801.8750
INFO:root:[Epoch 73/100] Train Loss: 346786.1465 | Val Loss: 379047.2656
INFO:root:[Epoch 74/100] Train Loss: 346838.9863 | Val Loss: 378489.1406
INFO:root:[Epoch 75/100] Train Loss: 346853.8613 | Val Loss: 378487.1719
INFO:root:[Epoch 76/100] Train Loss: 346897.8652 | Val Loss: 378482.0781
INFO:root:[Epoch 77/100] Train Loss: 346801.2910 | Val Loss: 378138.6875
INFO:root:[Epoch 78/100] Train Loss: 346771.0547 | Val Loss: 378053.9375
INFO:root:[Epoch 79/100] Train Loss: 346784.6387 | Val Loss: 378087.3750
INFO:root:[Epoch 80/100] Train Loss: 346760.6191 | Val Loss: 378078.4531
INFO:root:[Epoch 81/100] Train Loss: 346813.3340 | Val Loss: 377965.6875
INFO:root:[Epoch 82/100] Train Loss: 346700.8789 | Val Loss: 378168.7500
INFO:root:[Epoch 83/100] Train Loss: 346803.3965 | Val Loss: 378077.3125
INFO:root:[Epoch 84/100] Train Loss: 346788.2559 | Val Loss: 378335.0312
INFO:root:[Epoch 85/100] Train Loss: 346722.3262 | Val Loss: 378034.9531
INFO:root:[Epoch 86/100] Train Loss: 346772.5449 | Val Loss: 377858.8281
INFO:root:[Epoch 87/100] Train Loss: 346763.7266 | Val Loss: 377824.0781
INFO:root:[Epoch 88/100] Train Loss: 346842.5801 | Val Loss: 378080.6094
INFO:root:[Epoch 89/100] Train Loss: 348598.5684 | Val Loss: 394015.3594
INFO:root:[Epoch 90/100] Train Loss: 348203.8105 | Val Loss: 392228.6875
INFO:root:[Epoch 91/100] Train Loss: 347853.9531 | Val Loss: 389652.5156
INFO:root:[Epoch 92/100] Train Loss: 347703.0781 | Val Loss: 387583.0625
INFO:root:[Epoch 93/100] Train Loss: 347404.6582 | Val Loss: 386012.8125
INFO:root:[Epoch 94/100] Train Loss: 347242.2305 | Val Loss: 385135.5938
INFO:root:[Epoch 95/100] Train Loss: 347325.2793 | Val Loss: 402269.1094
INFO:root:[Epoch 96/100] Train Loss: 349884.7168 | Val Loss: 399228.3438
INFO:root:[Epoch 97/100] Train Loss: 349208.9355 | Val Loss: 395812.9531
INFO:root:[Epoch 98/100] Train Loss: 348482.0156 | Val Loss: 392936.5781
INFO:root:[Epoch 99/100] Train Loss: 348094.3105 | Val Loss: 390253.0000
INFO:root:[Epoch 100/100] Train Loss: 347764.6191 | Val Loss: 388696.1406
INFO:root:Best model saved at epoch 87 with val loss = 377824.0781
INFO:root:MSE:263532.84375,MAE:404.4123840332031
