INFO:root:参数 batch_size: 32
INFO:root:参数 lr: 0.01
INFO:root:参数 l2: 1e-05
INFO:root:参数 num_layers: 10
INFO:root:参数 model: Transformer
INFO:root:[Epoch 1/100] Train Loss: 2866191.2222 | Val Loss: 2827164.2500
INFO:root:[Epoch 2/100] Train Loss: 2846546.6667 | Val Loss: 2805122.0000
INFO:root:[Epoch 3/100] Train Loss: 2821848.3333 | Val Loss: 2773779.7500
INFO:root:[Epoch 4/100] Train Loss: 2786797.2222 | Val Loss: 2731103.5000
INFO:root:[Epoch 5/100] Train Loss: 2739748.5556 | Val Loss: 2675954.7500
INFO:root:[Epoch 6/100] Train Loss: 2679567.4444 | Val Loss: 2607894.5000
INFO:root:[Epoch 7/100] Train Loss: 2604185.4444 | Val Loss: 2526989.0000
INFO:root:[Epoch 8/100] Train Loss: 2515043.4444 | Val Loss: 2432399.7500
INFO:root:[Epoch 9/100] Train Loss: 2411957.8889 | Val Loss: 2326985.0000
INFO:root:[Epoch 10/100] Train Loss: 2299984.9722 | Val Loss: 2210462.0000
INFO:root:[Epoch 11/100] Train Loss: 2178721.4444 | Val Loss: 2085932.0000
INFO:root:[Epoch 12/100] Train Loss: 2049535.0972 | Val Loss: 1953975.7500
INFO:root:[Epoch 13/100] Train Loss: 1914365.1389 | Val Loss: 1818140.5000
INFO:root:[Epoch 14/100] Train Loss: 1775604.4028 | Val Loss: 1680238.3750
INFO:root:[Epoch 15/100] Train Loss: 1631570.8889 | Val Loss: 1541868.1250
INFO:root:[Epoch 16/100] Train Loss: 1491955.9583 | Val Loss: 1406051.0000
INFO:root:[Epoch 17/100] Train Loss: 1353513.0417 | Val Loss: 1275102.2500
INFO:root:[Epoch 18/100] Train Loss: 1217621.5417 | Val Loss: 1150012.1250
INFO:root:[Epoch 19/100] Train Loss: 1090004.3264 | Val Loss: 1032816.5625
INFO:root:[Epoch 20/100] Train Loss: 973376.7986 | Val Loss: 925588.6250
INFO:root:[Epoch 21/100] Train Loss: 864873.8889 | Val Loss: 829031.3750
INFO:root:[Epoch 22/100] Train Loss: 769582.3819 | Val Loss: 744357.1875
INFO:root:[Epoch 23/100] Train Loss: 684404.6597 | Val Loss: 671621.0625
INFO:root:[Epoch 24/100] Train Loss: 611196.7917 | Val Loss: 610724.7500
INFO:root:[Epoch 25/100] Train Loss: 550533.4931 | Val Loss: 561065.8125
INFO:root:[Epoch 26/100] Train Loss: 498634.1215 | Val Loss: 521551.5000
INFO:root:[Epoch 27/100] Train Loss: 456725.4688 | Val Loss: 491748.5938
INFO:root:[Epoch 28/100] Train Loss: 425411.9618 | Val Loss: 470035.6875
INFO:root:[Epoch 29/100] Train Loss: 398587.4722 | Val Loss: 454823.1250
INFO:root:[Epoch 30/100] Train Loss: 380275.9167 | Val Loss: 445746.7500
INFO:root:[Epoch 31/100] Train Loss: 365632.9479 | Val Loss: 440481.1562
INFO:root:[Epoch 32/100] Train Loss: 353046.1319 | Val Loss: 438497.1250
INFO:root:[Epoch 33/100] Train Loss: 344821.8542 | Val Loss: 439543.0625
INFO:root:[Epoch 34/100] Train Loss: 339950.5486 | Val Loss: 441982.5000
INFO:root:[Epoch 35/100] Train Loss: 335961.6285 | Val Loss: 445476.3750
INFO:root:[Epoch 36/100] Train Loss: 333825.4931 | Val Loss: 450158.1875
INFO:root:[Epoch 37/100] Train Loss: 333269.0833 | Val Loss: 454605.8750
INFO:root:[Epoch 38/100] Train Loss: 335712.6771 | Val Loss: 458395.3125
INFO:root:[Epoch 39/100] Train Loss: 328545.5208 | Val Loss: 461144.1875
INFO:root:[Epoch 40/100] Train Loss: 332300.7465 | Val Loss: 464792.5938
INFO:root:[Epoch 41/100] Train Loss: 329578.4340 | Val Loss: 467893.7500
INFO:root:[Epoch 42/100] Train Loss: 328909.4514 | Val Loss: 471375.0938
INFO:root:[Epoch 43/100] Train Loss: 328742.7153 | Val Loss: 474624.2812
INFO:root:[Epoch 44/100] Train Loss: 326093.8854 | Val Loss: 477456.0000
INFO:root:[Epoch 45/100] Train Loss: 327565.2569 | Val Loss: 480038.1250
INFO:root:[Epoch 46/100] Train Loss: 329536.3785 | Val Loss: 482306.4062
INFO:root:[Epoch 47/100] Train Loss: 328649.9444 | Val Loss: 484416.3438
INFO:root:[Epoch 48/100] Train Loss: 329123.9306 | Val Loss: 485829.3750
INFO:root:[Epoch 49/100] Train Loss: 327558.6979 | Val Loss: 487037.9062
INFO:root:[Epoch 50/100] Train Loss: 327657.3750 | Val Loss: 488312.2188
INFO:root:[Epoch 51/100] Train Loss: 331773.4062 | Val Loss: 488611.8438
INFO:root:[Epoch 52/100] Train Loss: 325634.5972 | Val Loss: 488779.3750
INFO:root:[Epoch 53/100] Train Loss: 329192.7882 | Val Loss: 490171.2500
INFO:root:[Epoch 54/100] Train Loss: 327989.9965 | Val Loss: 491070.5938
INFO:root:[Epoch 55/100] Train Loss: 325129.4444 | Val Loss: 492025.1875
INFO:root:[Epoch 56/100] Train Loss: 329200.4931 | Val Loss: 492807.1250
INFO:root:[Epoch 57/100] Train Loss: 327511.8993 | Val Loss: 493910.6562
INFO:root:[Epoch 58/100] Train Loss: 331096.2639 | Val Loss: 493144.6562
INFO:root:[Epoch 59/100] Train Loss: 329548.4132 | Val Loss: 492866.1875
INFO:root:[Epoch 60/100] Train Loss: 329185.1979 | Val Loss: 492485.5625
INFO:root:[Epoch 61/100] Train Loss: 322951.1875 | Val Loss: 492076.5625
INFO:root:[Epoch 62/100] Train Loss: 324831.0417 | Val Loss: 492751.0312
INFO:root:[Epoch 63/100] Train Loss: 328419.7431 | Val Loss: 493694.0625
INFO:root:[Epoch 64/100] Train Loss: 327238.7639 | Val Loss: 493884.2500
INFO:root:[Epoch 65/100] Train Loss: 326780.2361 | Val Loss: 494286.8438
INFO:root:[Epoch 66/100] Train Loss: 331278.3160 | Val Loss: 494660.9375
INFO:root:[Epoch 67/100] Train Loss: 325130.7847 | Val Loss: 494581.3438
INFO:root:[Epoch 68/100] Train Loss: 326691.9757 | Val Loss: 495223.0312
INFO:root:[Epoch 69/100] Train Loss: 327324.1771 | Val Loss: 495750.8438
INFO:root:[Epoch 70/100] Train Loss: 326531.5278 | Val Loss: 495141.9062
INFO:root:[Epoch 71/100] Train Loss: 329277.7118 | Val Loss: 495342.2188
INFO:root:[Epoch 72/100] Train Loss: 326755.3021 | Val Loss: 494592.2812
INFO:root:[Epoch 73/100] Train Loss: 325356.6042 | Val Loss: 494639.6875
INFO:root:[Epoch 74/100] Train Loss: 326091.9549 | Val Loss: 495210.9375
INFO:root:[Epoch 75/100] Train Loss: 329923.8125 | Val Loss: 495099.9688
INFO:root:[Epoch 76/100] Train Loss: 331128.1424 | Val Loss: 494628.0000
INFO:root:[Epoch 77/100] Train Loss: 326199.2882 | Val Loss: 494541.5000
INFO:root:[Epoch 78/100] Train Loss: 330612.0729 | Val Loss: 495109.7500
INFO:root:[Epoch 79/100] Train Loss: 325678.3819 | Val Loss: 495694.0312
INFO:root:[Epoch 80/100] Train Loss: 328101.7569 | Val Loss: 496371.1562
INFO:root:[Epoch 81/100] Train Loss: 330165.4757 | Val Loss: 496808.5625
INFO:root:[Epoch 82/100] Train Loss: 332086.3611 | Val Loss: 495608.1250
INFO:root:[Epoch 83/100] Train Loss: 330935.2847 | Val Loss: 493378.0938
INFO:root:[Epoch 84/100] Train Loss: 327353.3194 | Val Loss: 492502.6562
INFO:root:[Epoch 85/100] Train Loss: 325954.7118 | Val Loss: 492436.0000
INFO:root:[Epoch 86/100] Train Loss: 330088.5694 | Val Loss: 492587.8125
INFO:root:[Epoch 87/100] Train Loss: 326048.6424 | Val Loss: 492023.1875
INFO:root:[Epoch 88/100] Train Loss: 330127.5521 | Val Loss: 493004.1875
INFO:root:[Epoch 89/100] Train Loss: 326577.9028 | Val Loss: 492350.7500
INFO:root:[Epoch 90/100] Train Loss: 329924.1424 | Val Loss: 493033.3125
INFO:root:[Epoch 91/100] Train Loss: 325933.5903 | Val Loss: 492385.7188
INFO:root:[Epoch 92/100] Train Loss: 328230.9931 | Val Loss: 493364.2500
INFO:root:[Epoch 93/100] Train Loss: 325661.2431 | Val Loss: 494581.1562
INFO:root:[Epoch 94/100] Train Loss: 327438.0972 | Val Loss: 495693.2500
INFO:root:[Epoch 95/100] Train Loss: 326700.7812 | Val Loss: 496618.9062
INFO:root:[Epoch 96/100] Train Loss: 332138.0069 | Val Loss: 497505.9375
INFO:root:[Epoch 97/100] Train Loss: 330520.4167 | Val Loss: 496186.7812
INFO:root:[Epoch 98/100] Train Loss: 326357.1389 | Val Loss: 493650.4062
INFO:root:[Epoch 99/100] Train Loss: 328185.2222 | Val Loss: 493736.2188
INFO:root:[Epoch 100/100] Train Loss: 330438.7153 | Val Loss: 493798.7188
INFO:root:Best model saved at epoch 32 with val loss = 438497.1250
INFO:root:MSE:253687.46875,MAE:395.5270690917969
